[2022-09-13 14:45:25,429] {taskinstance.py:1032} INFO - Dependencies all met for <TaskInstance: data_ingestion_gcs_dag.format_to_parquet_task manual__2022-09-13T14:30:08.261758+00:00 [queued]>
[2022-09-13 14:45:25,442] {taskinstance.py:1032} INFO - Dependencies all met for <TaskInstance: data_ingestion_gcs_dag.format_to_parquet_task manual__2022-09-13T14:30:08.261758+00:00 [queued]>
[2022-09-13 14:45:25,442] {taskinstance.py:1238} INFO - 
--------------------------------------------------------------------------------
[2022-09-13 14:45:25,442] {taskinstance.py:1239} INFO - Starting attempt 1 of 2
[2022-09-13 14:45:25,442] {taskinstance.py:1240} INFO - 
--------------------------------------------------------------------------------
[2022-09-13 14:45:25,458] {taskinstance.py:1259} INFO - Executing <Task(PythonOperator): format_to_parquet_task> on 2022-09-13 14:30:08.261758+00:00
[2022-09-13 14:45:25,466] {standard_task_runner.py:52} INFO - Started process 4661 to run task
[2022-09-13 14:45:25,471] {standard_task_runner.py:76} INFO - Running: ['***', 'tasks', 'run', 'data_ingestion_gcs_dag', 'format_to_parquet_task', 'manual__2022-09-13T14:30:08.261758+00:00', '--job-id', '17', '--raw', '--subdir', 'DAGS_FOLDER/data_ingestion_gcs_dag.py', '--cfg-path', '/tmp/tmpdftl979q', '--error-file', '/tmp/tmpp5uc1q2p']
[2022-09-13 14:45:25,473] {standard_task_runner.py:77} INFO - Job 17: Subtask format_to_parquet_task
[2022-09-13 14:45:25,543] {logging_mixin.py:109} INFO - Running <TaskInstance: data_ingestion_gcs_dag.format_to_parquet_task manual__2022-09-13T14:30:08.261758+00:00 [running]> on host ca074a1897f0
[2022-09-13 14:45:25,619] {taskinstance.py:1426} INFO - Exporting the following env vars:
AIRFLOW_CTX_DAG_OWNER=***
AIRFLOW_CTX_DAG_ID=data_ingestion_gcs_dag
AIRFLOW_CTX_TASK_ID=format_to_parquet_task
AIRFLOW_CTX_EXECUTION_DATE=2022-09-13T14:30:08.261758+00:00
AIRFLOW_CTX_DAG_RUN_ID=manual__2022-09-13T14:30:08.261758+00:00
[2022-09-13 14:45:25,735] {python.py:175} INFO - Done. Returned value was: None
[2022-09-13 14:45:25,750] {taskinstance.py:1277} INFO - Marking task as SUCCESS. dag_id=data_ingestion_gcs_dag, task_id=format_to_parquet_task, execution_date=20220913T143008, start_date=20220913T144525, end_date=20220913T144525
[2022-09-13 14:45:25,805] {local_task_job.py:154} INFO - Task exited with return code 0
[2022-09-13 14:45:25,855] {local_task_job.py:264} INFO - 1 downstream tasks scheduled from follow-on schedule check
