[2022-09-13 14:35:02,376] {taskinstance.py:1032} INFO - Dependencies all met for <TaskInstance: data_ingestion_gcs_dag.format_to_parquet_task manual__2022-09-13T14:24:44.871100+00:00 [queued]>
[2022-09-13 14:35:02,393] {taskinstance.py:1032} INFO - Dependencies all met for <TaskInstance: data_ingestion_gcs_dag.format_to_parquet_task manual__2022-09-13T14:24:44.871100+00:00 [queued]>
[2022-09-13 14:35:02,393] {taskinstance.py:1238} INFO - 
--------------------------------------------------------------------------------
[2022-09-13 14:35:02,393] {taskinstance.py:1239} INFO - Starting attempt 1 of 2
[2022-09-13 14:35:02,393] {taskinstance.py:1240} INFO - 
--------------------------------------------------------------------------------
[2022-09-13 14:35:02,410] {taskinstance.py:1259} INFO - Executing <Task(PythonOperator): format_to_parquet_task> on 2022-09-13 14:24:44.871100+00:00
[2022-09-13 14:35:02,418] {standard_task_runner.py:52} INFO - Started process 3831 to run task
[2022-09-13 14:35:02,425] {standard_task_runner.py:76} INFO - Running: ['***', 'tasks', 'run', 'data_ingestion_gcs_dag', 'format_to_parquet_task', 'manual__2022-09-13T14:24:44.871100+00:00', '--job-id', '7', '--raw', '--subdir', 'DAGS_FOLDER/data_ingestion_gcs_dag.py', '--cfg-path', '/tmp/tmp68jrjkfs', '--error-file', '/tmp/tmpf7n5mnbs']
[2022-09-13 14:35:02,426] {standard_task_runner.py:77} INFO - Job 7: Subtask format_to_parquet_task
[2022-09-13 14:35:02,504] {logging_mixin.py:109} INFO - Running <TaskInstance: data_ingestion_gcs_dag.format_to_parquet_task manual__2022-09-13T14:24:44.871100+00:00 [running]> on host ca074a1897f0
[2022-09-13 14:35:02,592] {taskinstance.py:1426} INFO - Exporting the following env vars:
AIRFLOW_CTX_DAG_OWNER=***
AIRFLOW_CTX_DAG_ID=data_ingestion_gcs_dag
AIRFLOW_CTX_TASK_ID=format_to_parquet_task
AIRFLOW_CTX_EXECUTION_DATE=2022-09-13T14:24:44.871100+00:00
AIRFLOW_CTX_DAG_RUN_ID=manual__2022-09-13T14:24:44.871100+00:00
[2022-09-13 14:35:02,742] {python.py:175} INFO - Done. Returned value was: None
[2022-09-13 14:35:02,758] {taskinstance.py:1277} INFO - Marking task as SUCCESS. dag_id=data_ingestion_gcs_dag, task_id=format_to_parquet_task, execution_date=20220913T142444, start_date=20220913T143502, end_date=20220913T143502
[2022-09-13 14:35:02,797] {local_task_job.py:154} INFO - Task exited with return code 0
[2022-09-13 14:35:02,856] {local_task_job.py:264} INFO - 1 downstream tasks scheduled from follow-on schedule check
