[2022-09-15 04:51:38,998] {taskinstance.py:1032} INFO - Dependencies all met for <TaskInstance: data_ingestion_gcs_dag.format_to_parquet_task scheduled__2022-09-14T00:00:00+00:00 [queued]>
[2022-09-15 04:51:39,008] {taskinstance.py:1032} INFO - Dependencies all met for <TaskInstance: data_ingestion_gcs_dag.format_to_parquet_task scheduled__2022-09-14T00:00:00+00:00 [queued]>
[2022-09-15 04:51:39,008] {taskinstance.py:1238} INFO - 
--------------------------------------------------------------------------------
[2022-09-15 04:51:39,008] {taskinstance.py:1239} INFO - Starting attempt 1 of 2
[2022-09-15 04:51:39,009] {taskinstance.py:1240} INFO - 
--------------------------------------------------------------------------------
[2022-09-15 04:51:39,022] {taskinstance.py:1259} INFO - Executing <Task(PythonOperator): format_to_parquet_task> on 2022-09-14 00:00:00+00:00
[2022-09-15 04:51:39,027] {standard_task_runner.py:52} INFO - Started process 322 to run task
[2022-09-15 04:51:39,033] {standard_task_runner.py:76} INFO - Running: ['***', 'tasks', 'run', 'data_ingestion_gcs_dag', 'format_to_parquet_task', 'scheduled__2022-09-14T00:00:00+00:00', '--job-id', '43', '--raw', '--subdir', 'DAGS_FOLDER/data_ingestion_gcs_dag.py', '--cfg-path', '/tmp/tmp4f82koe2', '--error-file', '/tmp/tmpjnl9dn6x']
[2022-09-15 04:51:39,034] {standard_task_runner.py:77} INFO - Job 43: Subtask format_to_parquet_task
[2022-09-15 04:51:39,104] {logging_mixin.py:109} INFO - Running <TaskInstance: data_ingestion_gcs_dag.format_to_parquet_task scheduled__2022-09-14T00:00:00+00:00 [running]> on host ca074a1897f0
[2022-09-15 04:51:39,175] {taskinstance.py:1426} INFO - Exporting the following env vars:
AIRFLOW_CTX_DAG_OWNER=***
AIRFLOW_CTX_DAG_ID=data_ingestion_gcs_dag
AIRFLOW_CTX_TASK_ID=format_to_parquet_task
AIRFLOW_CTX_EXECUTION_DATE=2022-09-14T00:00:00+00:00
AIRFLOW_CTX_DAG_RUN_ID=scheduled__2022-09-14T00:00:00+00:00
[2022-09-15 04:51:39,270] {python.py:175} INFO - Done. Returned value was: None
[2022-09-15 04:51:39,283] {taskinstance.py:1277} INFO - Marking task as SUCCESS. dag_id=data_ingestion_gcs_dag, task_id=format_to_parquet_task, execution_date=20220914T000000, start_date=20220915T045138, end_date=20220915T045139
[2022-09-15 04:51:39,326] {local_task_job.py:154} INFO - Task exited with return code 0
[2022-09-15 04:51:39,370] {local_task_job.py:264} INFO - 1 downstream tasks scheduled from follow-on schedule check
