[2022-09-15 04:51:42,820] {taskinstance.py:1032} INFO - Dependencies all met for <TaskInstance: data_ingestion_gcs_dag.bigquery_external_table_task scheduled__2022-09-14T00:00:00+00:00 [queued]>
[2022-09-15 04:51:42,830] {taskinstance.py:1032} INFO - Dependencies all met for <TaskInstance: data_ingestion_gcs_dag.bigquery_external_table_task scheduled__2022-09-14T00:00:00+00:00 [queued]>
[2022-09-15 04:51:42,830] {taskinstance.py:1238} INFO - 
--------------------------------------------------------------------------------
[2022-09-15 04:51:42,830] {taskinstance.py:1239} INFO - Starting attempt 1 of 2
[2022-09-15 04:51:42,830] {taskinstance.py:1240} INFO - 
--------------------------------------------------------------------------------
[2022-09-15 04:51:42,842] {taskinstance.py:1259} INFO - Executing <Task(BigQueryCreateExternalTableOperator): bigquery_external_table_task> on 2022-09-14 00:00:00+00:00
[2022-09-15 04:51:42,848] {standard_task_runner.py:52} INFO - Started process 349 to run task
[2022-09-15 04:51:42,853] {standard_task_runner.py:76} INFO - Running: ['***', 'tasks', 'run', 'data_ingestion_gcs_dag', 'bigquery_external_table_task', 'scheduled__2022-09-14T00:00:00+00:00', '--job-id', '45', '--raw', '--subdir', 'DAGS_FOLDER/data_ingestion_gcs_dag.py', '--cfg-path', '/tmp/tmplx699myz', '--error-file', '/tmp/tmph3numff7']
[2022-09-15 04:51:42,854] {standard_task_runner.py:77} INFO - Job 45: Subtask bigquery_external_table_task
[2022-09-15 04:51:42,924] {logging_mixin.py:109} INFO - Running <TaskInstance: data_ingestion_gcs_dag.bigquery_external_table_task scheduled__2022-09-14T00:00:00+00:00 [running]> on host ca074a1897f0
[2022-09-15 04:51:43,003] {taskinstance.py:1426} INFO - Exporting the following env vars:
AIRFLOW_CTX_DAG_OWNER=***
AIRFLOW_CTX_DAG_ID=data_ingestion_gcs_dag
AIRFLOW_CTX_TASK_ID=bigquery_external_table_task
AIRFLOW_CTX_EXECUTION_DATE=2022-09-14T00:00:00+00:00
AIRFLOW_CTX_DAG_RUN_ID=scheduled__2022-09-14T00:00:00+00:00
[2022-09-15 04:51:43,004] {crypto.py:82} WARNING - empty cryptography key - values will not be stored encrypted.
[2022-09-15 04:51:43,350] {taskinstance.py:1277} INFO - Marking task as SUCCESS. dag_id=data_ingestion_gcs_dag, task_id=bigquery_external_table_task, execution_date=20220914T000000, start_date=20220915T045142, end_date=20220915T045143
[2022-09-15 04:51:43,386] {local_task_job.py:154} INFO - Task exited with return code 0
[2022-09-15 04:51:43,420] {local_task_job.py:264} INFO - 0 downstream tasks scheduled from follow-on schedule check
