[2022-09-13 16:18:31,562] {taskinstance.py:1032} INFO - Dependencies all met for <TaskInstance: data_ingestion_gcs_dag.download_lookup_table manual__2022-09-13T16:18:27.491622+00:00 [queued]>
[2022-09-13 16:18:31,574] {taskinstance.py:1032} INFO - Dependencies all met for <TaskInstance: data_ingestion_gcs_dag.download_lookup_table manual__2022-09-13T16:18:27.491622+00:00 [queued]>
[2022-09-13 16:18:31,574] {taskinstance.py:1238} INFO - 
--------------------------------------------------------------------------------
[2022-09-13 16:18:31,574] {taskinstance.py:1239} INFO - Starting attempt 1 of 2
[2022-09-13 16:18:31,574] {taskinstance.py:1240} INFO - 
--------------------------------------------------------------------------------
[2022-09-13 16:18:31,588] {taskinstance.py:1259} INFO - Executing <Task(BashOperator): download_lookup_table> on 2022-09-13 16:18:27.491622+00:00
[2022-09-13 16:18:31,596] {standard_task_runner.py:52} INFO - Started process 11196 to run task
[2022-09-13 16:18:31,601] {standard_task_runner.py:76} INFO - Running: ['***', 'tasks', 'run', 'data_ingestion_gcs_dag', 'download_lookup_table', 'manual__2022-09-13T16:18:27.491622+00:00', '--job-id', '31', '--raw', '--subdir', 'DAGS_FOLDER/data_ingestion_gcs_dag.py', '--cfg-path', '/tmp/tmppbpjq280', '--error-file', '/tmp/tmpbuy1qv9s']
[2022-09-13 16:18:31,602] {standard_task_runner.py:77} INFO - Job 31: Subtask download_lookup_table
[2022-09-13 16:18:31,674] {logging_mixin.py:109} INFO - Running <TaskInstance: data_ingestion_gcs_dag.download_lookup_table manual__2022-09-13T16:18:27.491622+00:00 [running]> on host ca074a1897f0
[2022-09-13 16:18:31,767] {taskinstance.py:1426} INFO - Exporting the following env vars:
AIRFLOW_CTX_DAG_OWNER=***
AIRFLOW_CTX_DAG_ID=data_ingestion_gcs_dag
AIRFLOW_CTX_TASK_ID=download_lookup_table
AIRFLOW_CTX_EXECUTION_DATE=2022-09-13T16:18:27.491622+00:00
AIRFLOW_CTX_DAG_RUN_ID=manual__2022-09-13T16:18:27.491622+00:00
[2022-09-13 16:18:31,770] {subprocess.py:62} INFO - Tmp dir root location: 
 /tmp
[2022-09-13 16:18:31,771] {subprocess.py:74} INFO - Running command: ['bash', '-c', 'curl -sSL https://d37ci6vzurychx.cloudfront.net/misc/taxi+_zone_lookup.csv > /opt/***/lookupzone.csv']
[2022-09-13 16:18:31,789] {subprocess.py:85} INFO - Output:
[2022-09-13 16:18:31,836] {subprocess.py:93} INFO - Command exited with return code 0
[2022-09-13 16:18:31,870] {taskinstance.py:1277} INFO - Marking task as SUCCESS. dag_id=data_ingestion_gcs_dag, task_id=download_lookup_table, execution_date=20220913T161827, start_date=20220913T161831, end_date=20220913T161831
[2022-09-13 16:18:31,894] {local_task_job.py:154} INFO - Task exited with return code 0
[2022-09-13 16:18:31,946] {local_task_job.py:264} INFO - 1 downstream tasks scheduled from follow-on schedule check
