[2022-09-13 14:55:49,941] {taskinstance.py:1032} INFO - Dependencies all met for <TaskInstance: data_ingestion_gcs_dag.format_to_parquet_task manual__2022-09-13T14:33:28.455385+00:00 [queued]>
[2022-09-13 14:55:49,952] {taskinstance.py:1032} INFO - Dependencies all met for <TaskInstance: data_ingestion_gcs_dag.format_to_parquet_task manual__2022-09-13T14:33:28.455385+00:00 [queued]>
[2022-09-13 14:55:49,952] {taskinstance.py:1238} INFO - 
--------------------------------------------------------------------------------
[2022-09-13 14:55:49,952] {taskinstance.py:1239} INFO - Starting attempt 1 of 2
[2022-09-13 14:55:49,952] {taskinstance.py:1240} INFO - 
--------------------------------------------------------------------------------
[2022-09-13 14:55:49,964] {taskinstance.py:1259} INFO - Executing <Task(PythonOperator): format_to_parquet_task> on 2022-09-13 14:33:28.455385+00:00
[2022-09-13 14:55:49,972] {standard_task_runner.py:52} INFO - Started process 5502 to run task
[2022-09-13 14:55:49,977] {standard_task_runner.py:76} INFO - Running: ['***', 'tasks', 'run', 'data_ingestion_gcs_dag', 'format_to_parquet_task', 'manual__2022-09-13T14:33:28.455385+00:00', '--job-id', '27', '--raw', '--subdir', 'DAGS_FOLDER/data_ingestion_gcs_dag.py', '--cfg-path', '/tmp/tmp1fefmdug', '--error-file', '/tmp/tmp15x7cu82']
[2022-09-13 14:55:49,978] {standard_task_runner.py:77} INFO - Job 27: Subtask format_to_parquet_task
[2022-09-13 14:55:50,043] {logging_mixin.py:109} INFO - Running <TaskInstance: data_ingestion_gcs_dag.format_to_parquet_task manual__2022-09-13T14:33:28.455385+00:00 [running]> on host ca074a1897f0
[2022-09-13 14:55:50,112] {taskinstance.py:1426} INFO - Exporting the following env vars:
AIRFLOW_CTX_DAG_OWNER=***
AIRFLOW_CTX_DAG_ID=data_ingestion_gcs_dag
AIRFLOW_CTX_TASK_ID=format_to_parquet_task
AIRFLOW_CTX_EXECUTION_DATE=2022-09-13T14:33:28.455385+00:00
AIRFLOW_CTX_DAG_RUN_ID=manual__2022-09-13T14:33:28.455385+00:00
[2022-09-13 14:55:50,212] {python.py:175} INFO - Done. Returned value was: None
[2022-09-13 14:55:50,225] {taskinstance.py:1277} INFO - Marking task as SUCCESS. dag_id=data_ingestion_gcs_dag, task_id=format_to_parquet_task, execution_date=20220913T143328, start_date=20220913T145549, end_date=20220913T145550
[2022-09-13 14:55:50,270] {local_task_job.py:154} INFO - Task exited with return code 0
[2022-09-13 14:55:50,314] {local_task_job.py:264} INFO - 1 downstream tasks scheduled from follow-on schedule check
