[2022-09-15 04:51:36,632] {taskinstance.py:1032} INFO - Dependencies all met for <TaskInstance: data_ingestion_gcs_dag.download_lookup_table scheduled__2022-09-14T00:00:00+00:00 [queued]>
[2022-09-15 04:51:36,643] {taskinstance.py:1032} INFO - Dependencies all met for <TaskInstance: data_ingestion_gcs_dag.download_lookup_table scheduled__2022-09-14T00:00:00+00:00 [queued]>
[2022-09-15 04:51:36,643] {taskinstance.py:1238} INFO - 
--------------------------------------------------------------------------------
[2022-09-15 04:51:36,643] {taskinstance.py:1239} INFO - Starting attempt 1 of 2
[2022-09-15 04:51:36,643] {taskinstance.py:1240} INFO - 
--------------------------------------------------------------------------------
[2022-09-15 04:51:36,654] {taskinstance.py:1259} INFO - Executing <Task(BashOperator): download_lookup_table> on 2022-09-14 00:00:00+00:00
[2022-09-15 04:51:36,660] {standard_task_runner.py:52} INFO - Started process 300 to run task
[2022-09-15 04:51:36,665] {standard_task_runner.py:76} INFO - Running: ['***', 'tasks', 'run', 'data_ingestion_gcs_dag', 'download_lookup_table', 'scheduled__2022-09-14T00:00:00+00:00', '--job-id', '42', '--raw', '--subdir', 'DAGS_FOLDER/data_ingestion_gcs_dag.py', '--cfg-path', '/tmp/tmp26h4j6bs', '--error-file', '/tmp/tmp2_tsbjav']
[2022-09-15 04:51:36,666] {standard_task_runner.py:77} INFO - Job 42: Subtask download_lookup_table
[2022-09-15 04:51:36,734] {logging_mixin.py:109} INFO - Running <TaskInstance: data_ingestion_gcs_dag.download_lookup_table scheduled__2022-09-14T00:00:00+00:00 [running]> on host ca074a1897f0
[2022-09-15 04:51:36,803] {taskinstance.py:1426} INFO - Exporting the following env vars:
AIRFLOW_CTX_DAG_OWNER=***
AIRFLOW_CTX_DAG_ID=data_ingestion_gcs_dag
AIRFLOW_CTX_TASK_ID=download_lookup_table
AIRFLOW_CTX_EXECUTION_DATE=2022-09-14T00:00:00+00:00
AIRFLOW_CTX_DAG_RUN_ID=scheduled__2022-09-14T00:00:00+00:00
[2022-09-15 04:51:36,804] {subprocess.py:62} INFO - Tmp dir root location: 
 /tmp
[2022-09-15 04:51:36,805] {subprocess.py:74} INFO - Running command: ['bash', '-c', 'curl -sSL https://d37ci6vzurychx.cloudfront.net/misc/taxi+_zone_lookup.csv > /opt/***/lookupzone.csv']
[2022-09-15 04:51:36,845] {subprocess.py:85} INFO - Output:
[2022-09-15 04:51:36,891] {subprocess.py:93} INFO - Command exited with return code 0
[2022-09-15 04:51:36,923] {taskinstance.py:1277} INFO - Marking task as SUCCESS. dag_id=data_ingestion_gcs_dag, task_id=download_lookup_table, execution_date=20220914T000000, start_date=20220915T045136, end_date=20220915T045136
[2022-09-15 04:51:36,958] {local_task_job.py:154} INFO - Task exited with return code 0
[2022-09-15 04:51:37,002] {local_task_job.py:264} INFO - 1 downstream tasks scheduled from follow-on schedule check
