[2022-09-13 14:40:09,953] {taskinstance.py:1032} INFO - Dependencies all met for <TaskInstance: data_ingestion_gcs_dag.download_dataset_task manual__2022-09-13T14:25:24.445418+00:00 [queued]>
[2022-09-13 14:40:09,967] {taskinstance.py:1032} INFO - Dependencies all met for <TaskInstance: data_ingestion_gcs_dag.download_dataset_task manual__2022-09-13T14:25:24.445418+00:00 [queued]>
[2022-09-13 14:40:09,967] {taskinstance.py:1238} INFO - 
--------------------------------------------------------------------------------
[2022-09-13 14:40:09,967] {taskinstance.py:1239} INFO - Starting attempt 1 of 2
[2022-09-13 14:40:09,967] {taskinstance.py:1240} INFO - 
--------------------------------------------------------------------------------
[2022-09-13 14:40:09,986] {taskinstance.py:1259} INFO - Executing <Task(BashOperator): download_dataset_task> on 2022-09-13 14:25:24.445418+00:00
[2022-09-13 14:40:09,994] {standard_task_runner.py:52} INFO - Started process 4216 to run task
[2022-09-13 14:40:10,001] {standard_task_runner.py:76} INFO - Running: ['***', 'tasks', 'run', 'data_ingestion_gcs_dag', 'download_dataset_task', 'manual__2022-09-13T14:25:24.445418+00:00', '--job-id', '10', '--raw', '--subdir', 'DAGS_FOLDER/data_ingestion_gcs_dag.py', '--cfg-path', '/tmp/tmpqneyod32', '--error-file', '/tmp/tmpskx34lvm']
[2022-09-13 14:40:10,002] {standard_task_runner.py:77} INFO - Job 10: Subtask download_dataset_task
[2022-09-13 14:40:10,081] {logging_mixin.py:109} INFO - Running <TaskInstance: data_ingestion_gcs_dag.download_dataset_task manual__2022-09-13T14:25:24.445418+00:00 [running]> on host ca074a1897f0
[2022-09-13 14:40:10,162] {taskinstance.py:1426} INFO - Exporting the following env vars:
AIRFLOW_CTX_DAG_OWNER=***
AIRFLOW_CTX_DAG_ID=data_ingestion_gcs_dag
AIRFLOW_CTX_TASK_ID=download_dataset_task
AIRFLOW_CTX_EXECUTION_DATE=2022-09-13T14:25:24.445418+00:00
AIRFLOW_CTX_DAG_RUN_ID=manual__2022-09-13T14:25:24.445418+00:00
[2022-09-13 14:40:10,163] {subprocess.py:62} INFO - Tmp dir root location: 
 /tmp
[2022-09-13 14:40:10,164] {subprocess.py:74} INFO - Running command: ['bash', '-c', 'curl -sSL https://d37ci6vzurychx.cloudfront.net/trip-data/yellow_tripdata_2021-01.parquet > /opt/***/yellow_tripdata_2021-01.parquet']
[2022-09-13 14:40:10,179] {subprocess.py:85} INFO - Output:
[2022-09-13 14:40:10,648] {subprocess.py:93} INFO - Command exited with return code 0
[2022-09-13 14:40:10,704] {taskinstance.py:1277} INFO - Marking task as SUCCESS. dag_id=data_ingestion_gcs_dag, task_id=download_dataset_task, execution_date=20220913T142524, start_date=20220913T144009, end_date=20220913T144010
[2022-09-13 14:40:10,737] {local_task_job.py:154} INFO - Task exited with return code 0
[2022-09-13 14:40:10,795] {local_task_job.py:264} INFO - 1 downstream tasks scheduled from follow-on schedule check
