[2022-09-15 04:51:07,465] {taskinstance.py:1032} INFO - Dependencies all met for <TaskInstance: data_ingestion_gcs_dag.local_to_gcs_task scheduled__2022-09-13T00:00:00+00:00 [queued]>
[2022-09-15 04:51:07,481] {taskinstance.py:1032} INFO - Dependencies all met for <TaskInstance: data_ingestion_gcs_dag.local_to_gcs_task scheduled__2022-09-13T00:00:00+00:00 [queued]>
[2022-09-15 04:51:07,481] {taskinstance.py:1238} INFO - 
--------------------------------------------------------------------------------
[2022-09-15 04:51:07,481] {taskinstance.py:1239} INFO - Starting attempt 1 of 2
[2022-09-15 04:51:07,482] {taskinstance.py:1240} INFO - 
--------------------------------------------------------------------------------
[2022-09-15 04:51:07,500] {taskinstance.py:1259} INFO - Executing <Task(PythonOperator): local_to_gcs_task> on 2022-09-13 00:00:00+00:00
[2022-09-15 04:51:07,509] {standard_task_runner.py:52} INFO - Started process 236 to run task
[2022-09-15 04:51:07,515] {standard_task_runner.py:76} INFO - Running: ['***', 'tasks', 'run', 'data_ingestion_gcs_dag', 'local_to_gcs_task', 'scheduled__2022-09-13T00:00:00+00:00', '--job-id', '39', '--raw', '--subdir', 'DAGS_FOLDER/data_ingestion_gcs_dag.py', '--cfg-path', '/tmp/tmpk5w6x6dq', '--error-file', '/tmp/tmptv_bv8j7']
[2022-09-15 04:51:07,516] {standard_task_runner.py:77} INFO - Job 39: Subtask local_to_gcs_task
[2022-09-15 04:51:07,595] {logging_mixin.py:109} INFO - Running <TaskInstance: data_ingestion_gcs_dag.local_to_gcs_task scheduled__2022-09-13T00:00:00+00:00 [running]> on host ca074a1897f0
[2022-09-15 04:51:07,695] {taskinstance.py:1426} INFO - Exporting the following env vars:
AIRFLOW_CTX_DAG_OWNER=***
AIRFLOW_CTX_DAG_ID=data_ingestion_gcs_dag
AIRFLOW_CTX_TASK_ID=local_to_gcs_task
AIRFLOW_CTX_EXECUTION_DATE=2022-09-13T00:00:00+00:00
AIRFLOW_CTX_DAG_RUN_ID=scheduled__2022-09-13T00:00:00+00:00
[2022-09-15 04:51:08,184] {python.py:175} INFO - Done. Returned value was: None
[2022-09-15 04:51:08,202] {taskinstance.py:1277} INFO - Marking task as SUCCESS. dag_id=data_ingestion_gcs_dag, task_id=local_to_gcs_task, execution_date=20220913T000000, start_date=20220915T045107, end_date=20220915T045108
[2022-09-15 04:51:08,249] {local_task_job.py:154} INFO - Task exited with return code 0
[2022-09-15 04:51:08,298] {local_task_job.py:264} INFO - 1 downstream tasks scheduled from follow-on schedule check
