[2022-09-15 04:51:03,659] {taskinstance.py:1032} INFO - Dependencies all met for <TaskInstance: data_ingestion_gcs_dag.download_lookup_table scheduled__2022-09-13T00:00:00+00:00 [queued]>
[2022-09-15 04:51:03,669] {taskinstance.py:1032} INFO - Dependencies all met for <TaskInstance: data_ingestion_gcs_dag.download_lookup_table scheduled__2022-09-13T00:00:00+00:00 [queued]>
[2022-09-15 04:51:03,670] {taskinstance.py:1238} INFO - 
--------------------------------------------------------------------------------
[2022-09-15 04:51:03,670] {taskinstance.py:1239} INFO - Starting attempt 1 of 2
[2022-09-15 04:51:03,670] {taskinstance.py:1240} INFO - 
--------------------------------------------------------------------------------
[2022-09-15 04:51:03,681] {taskinstance.py:1259} INFO - Executing <Task(BashOperator): download_lookup_table> on 2022-09-13 00:00:00+00:00
[2022-09-15 04:51:03,687] {standard_task_runner.py:52} INFO - Started process 206 to run task
[2022-09-15 04:51:03,692] {standard_task_runner.py:76} INFO - Running: ['***', 'tasks', 'run', 'data_ingestion_gcs_dag', 'download_lookup_table', 'scheduled__2022-09-13T00:00:00+00:00', '--job-id', '37', '--raw', '--subdir', 'DAGS_FOLDER/data_ingestion_gcs_dag.py', '--cfg-path', '/tmp/tmpe84wy6eg', '--error-file', '/tmp/tmpvvjsn10i']
[2022-09-15 04:51:03,693] {standard_task_runner.py:77} INFO - Job 37: Subtask download_lookup_table
[2022-09-15 04:51:03,754] {logging_mixin.py:109} INFO - Running <TaskInstance: data_ingestion_gcs_dag.download_lookup_table scheduled__2022-09-13T00:00:00+00:00 [running]> on host ca074a1897f0
[2022-09-15 04:51:03,818] {taskinstance.py:1426} INFO - Exporting the following env vars:
AIRFLOW_CTX_DAG_OWNER=***
AIRFLOW_CTX_DAG_ID=data_ingestion_gcs_dag
AIRFLOW_CTX_TASK_ID=download_lookup_table
AIRFLOW_CTX_EXECUTION_DATE=2022-09-13T00:00:00+00:00
AIRFLOW_CTX_DAG_RUN_ID=scheduled__2022-09-13T00:00:00+00:00
[2022-09-15 04:51:03,820] {subprocess.py:62} INFO - Tmp dir root location: 
 /tmp
[2022-09-15 04:51:03,820] {subprocess.py:74} INFO - Running command: ['bash', '-c', 'curl -sSL https://d37ci6vzurychx.cloudfront.net/misc/taxi+_zone_lookup.csv > /opt/***/lookupzone.csv']
[2022-09-15 04:51:03,832] {subprocess.py:85} INFO - Output:
[2022-09-15 04:51:03,907] {subprocess.py:93} INFO - Command exited with return code 0
[2022-09-15 04:51:03,936] {taskinstance.py:1277} INFO - Marking task as SUCCESS. dag_id=data_ingestion_gcs_dag, task_id=download_lookup_table, execution_date=20220913T000000, start_date=20220915T045103, end_date=20220915T045103
[2022-09-15 04:51:03,983] {local_task_job.py:154} INFO - Task exited with return code 0
[2022-09-15 04:51:04,026] {local_task_job.py:264} INFO - 1 downstream tasks scheduled from follow-on schedule check
