[2022-09-13 16:18:33,841] {taskinstance.py:1032} INFO - Dependencies all met for <TaskInstance: data_ingestion_gcs_dag.format_to_parquet_task manual__2022-09-13T16:18:27.491622+00:00 [queued]>
[2022-09-13 16:18:33,851] {taskinstance.py:1032} INFO - Dependencies all met for <TaskInstance: data_ingestion_gcs_dag.format_to_parquet_task manual__2022-09-13T16:18:27.491622+00:00 [queued]>
[2022-09-13 16:18:33,851] {taskinstance.py:1238} INFO - 
--------------------------------------------------------------------------------
[2022-09-13 16:18:33,851] {taskinstance.py:1239} INFO - Starting attempt 1 of 2
[2022-09-13 16:18:33,851] {taskinstance.py:1240} INFO - 
--------------------------------------------------------------------------------
[2022-09-13 16:18:33,864] {taskinstance.py:1259} INFO - Executing <Task(PythonOperator): format_to_parquet_task> on 2022-09-13 16:18:27.491622+00:00
[2022-09-13 16:18:33,871] {standard_task_runner.py:52} INFO - Started process 11218 to run task
[2022-09-13 16:18:33,878] {standard_task_runner.py:76} INFO - Running: ['***', 'tasks', 'run', 'data_ingestion_gcs_dag', 'format_to_parquet_task', 'manual__2022-09-13T16:18:27.491622+00:00', '--job-id', '32', '--raw', '--subdir', 'DAGS_FOLDER/data_ingestion_gcs_dag.py', '--cfg-path', '/tmp/tmpg7dkwdsu', '--error-file', '/tmp/tmpi0nol2zn']
[2022-09-13 16:18:33,879] {standard_task_runner.py:77} INFO - Job 32: Subtask format_to_parquet_task
[2022-09-13 16:18:33,947] {logging_mixin.py:109} INFO - Running <TaskInstance: data_ingestion_gcs_dag.format_to_parquet_task manual__2022-09-13T16:18:27.491622+00:00 [running]> on host ca074a1897f0
[2022-09-13 16:18:34,030] {taskinstance.py:1426} INFO - Exporting the following env vars:
AIRFLOW_CTX_DAG_OWNER=***
AIRFLOW_CTX_DAG_ID=data_ingestion_gcs_dag
AIRFLOW_CTX_TASK_ID=format_to_parquet_task
AIRFLOW_CTX_EXECUTION_DATE=2022-09-13T16:18:27.491622+00:00
AIRFLOW_CTX_DAG_RUN_ID=manual__2022-09-13T16:18:27.491622+00:00
[2022-09-13 16:18:34,149] {python.py:175} INFO - Done. Returned value was: None
[2022-09-13 16:18:34,163] {taskinstance.py:1277} INFO - Marking task as SUCCESS. dag_id=data_ingestion_gcs_dag, task_id=format_to_parquet_task, execution_date=20220913T161827, start_date=20220913T161833, end_date=20220913T161834
[2022-09-13 16:18:34,215] {local_task_job.py:154} INFO - Task exited with return code 0
[2022-09-13 16:18:34,260] {local_task_job.py:264} INFO - 1 downstream tasks scheduled from follow-on schedule check
