[2022-09-15 04:51:34,697] {taskinstance.py:1032} INFO - Dependencies all met for <TaskInstance: data_ingestion_gcs_dag.download_dataset_task scheduled__2022-09-14T00:00:00+00:00 [queued]>
[2022-09-15 04:51:34,707] {taskinstance.py:1032} INFO - Dependencies all met for <TaskInstance: data_ingestion_gcs_dag.download_dataset_task scheduled__2022-09-14T00:00:00+00:00 [queued]>
[2022-09-15 04:51:34,708] {taskinstance.py:1238} INFO - 
--------------------------------------------------------------------------------
[2022-09-15 04:51:34,708] {taskinstance.py:1239} INFO - Starting attempt 1 of 2
[2022-09-15 04:51:34,708] {taskinstance.py:1240} INFO - 
--------------------------------------------------------------------------------
[2022-09-15 04:51:34,721] {taskinstance.py:1259} INFO - Executing <Task(BashOperator): download_dataset_task> on 2022-09-14 00:00:00+00:00
[2022-09-15 04:51:34,726] {standard_task_runner.py:52} INFO - Started process 287 to run task
[2022-09-15 04:51:34,731] {standard_task_runner.py:76} INFO - Running: ['***', 'tasks', 'run', 'data_ingestion_gcs_dag', 'download_dataset_task', 'scheduled__2022-09-14T00:00:00+00:00', '--job-id', '41', '--raw', '--subdir', 'DAGS_FOLDER/data_ingestion_gcs_dag.py', '--cfg-path', '/tmp/tmpsvzgu62x', '--error-file', '/tmp/tmpi3j6aj5j']
[2022-09-15 04:51:34,732] {standard_task_runner.py:77} INFO - Job 41: Subtask download_dataset_task
[2022-09-15 04:51:34,804] {logging_mixin.py:109} INFO - Running <TaskInstance: data_ingestion_gcs_dag.download_dataset_task scheduled__2022-09-14T00:00:00+00:00 [running]> on host ca074a1897f0
[2022-09-15 04:51:34,873] {taskinstance.py:1426} INFO - Exporting the following env vars:
AIRFLOW_CTX_DAG_OWNER=***
AIRFLOW_CTX_DAG_ID=data_ingestion_gcs_dag
AIRFLOW_CTX_TASK_ID=download_dataset_task
AIRFLOW_CTX_EXECUTION_DATE=2022-09-14T00:00:00+00:00
AIRFLOW_CTX_DAG_RUN_ID=scheduled__2022-09-14T00:00:00+00:00
[2022-09-15 04:51:34,874] {subprocess.py:62} INFO - Tmp dir root location: 
 /tmp
[2022-09-15 04:51:34,874] {subprocess.py:74} INFO - Running command: ['bash', '-c', 'curl -sSL https://d37ci6vzurychx.cloudfront.net/trip-data/yellow_tripdata_2021-01.parquet > /opt/***/yellow_tripdata_2021-01.parquet']
[2022-09-15 04:51:34,885] {subprocess.py:85} INFO - Output:
[2022-09-15 04:51:35,032] {subprocess.py:93} INFO - Command exited with return code 0
[2022-09-15 04:51:35,071] {taskinstance.py:1277} INFO - Marking task as SUCCESS. dag_id=data_ingestion_gcs_dag, task_id=download_dataset_task, execution_date=20220914T000000, start_date=20220915T045134, end_date=20220915T045135
[2022-09-15 04:51:35,104] {local_task_job.py:154} INFO - Task exited with return code 0
[2022-09-15 04:51:35,148] {local_task_job.py:264} INFO - 1 downstream tasks scheduled from follow-on schedule check
