[2022-09-13 14:50:37,931] {taskinstance.py:1032} INFO - Dependencies all met for <TaskInstance: data_ingestion_gcs_dag.format_to_parquet_task manual__2022-09-13T14:32:10.602807+00:00 [queued]>
[2022-09-13 14:50:37,943] {taskinstance.py:1032} INFO - Dependencies all met for <TaskInstance: data_ingestion_gcs_dag.format_to_parquet_task manual__2022-09-13T14:32:10.602807+00:00 [queued]>
[2022-09-13 14:50:37,943] {taskinstance.py:1238} INFO - 
--------------------------------------------------------------------------------
[2022-09-13 14:50:37,943] {taskinstance.py:1239} INFO - Starting attempt 1 of 2
[2022-09-13 14:50:37,943] {taskinstance.py:1240} INFO - 
--------------------------------------------------------------------------------
[2022-09-13 14:50:37,960] {taskinstance.py:1259} INFO - Executing <Task(PythonOperator): format_to_parquet_task> on 2022-09-13 14:32:10.602807+00:00
[2022-09-13 14:50:37,970] {standard_task_runner.py:52} INFO - Started process 5074 to run task
[2022-09-13 14:50:37,975] {standard_task_runner.py:76} INFO - Running: ['***', 'tasks', 'run', 'data_ingestion_gcs_dag', 'format_to_parquet_task', 'manual__2022-09-13T14:32:10.602807+00:00', '--job-id', '22', '--raw', '--subdir', 'DAGS_FOLDER/data_ingestion_gcs_dag.py', '--cfg-path', '/tmp/tmpeouy1qqt', '--error-file', '/tmp/tmpyspa7pch']
[2022-09-13 14:50:37,977] {standard_task_runner.py:77} INFO - Job 22: Subtask format_to_parquet_task
[2022-09-13 14:50:38,050] {logging_mixin.py:109} INFO - Running <TaskInstance: data_ingestion_gcs_dag.format_to_parquet_task manual__2022-09-13T14:32:10.602807+00:00 [running]> on host ca074a1897f0
[2022-09-13 14:50:38,124] {taskinstance.py:1426} INFO - Exporting the following env vars:
AIRFLOW_CTX_DAG_OWNER=***
AIRFLOW_CTX_DAG_ID=data_ingestion_gcs_dag
AIRFLOW_CTX_TASK_ID=format_to_parquet_task
AIRFLOW_CTX_EXECUTION_DATE=2022-09-13T14:32:10.602807+00:00
AIRFLOW_CTX_DAG_RUN_ID=manual__2022-09-13T14:32:10.602807+00:00
[2022-09-13 14:50:38,273] {python.py:175} INFO - Done. Returned value was: None
[2022-09-13 14:50:38,288] {taskinstance.py:1277} INFO - Marking task as SUCCESS. dag_id=data_ingestion_gcs_dag, task_id=format_to_parquet_task, execution_date=20220913T143210, start_date=20220913T145037, end_date=20220913T145038
[2022-09-13 14:50:38,349] {local_task_job.py:154} INFO - Task exited with return code 0
[2022-09-13 14:50:38,404] {local_task_job.py:264} INFO - 1 downstream tasks scheduled from follow-on schedule check
