[2022-09-13 14:45:21,438] {taskinstance.py:1032} INFO - Dependencies all met for <TaskInstance: data_ingestion_gcs_dag.download_dataset_task manual__2022-09-13T14:30:08.261758+00:00 [queued]>
[2022-09-13 14:45:21,451] {taskinstance.py:1032} INFO - Dependencies all met for <TaskInstance: data_ingestion_gcs_dag.download_dataset_task manual__2022-09-13T14:30:08.261758+00:00 [queued]>
[2022-09-13 14:45:21,451] {taskinstance.py:1238} INFO - 
--------------------------------------------------------------------------------
[2022-09-13 14:45:21,451] {taskinstance.py:1239} INFO - Starting attempt 1 of 2
[2022-09-13 14:45:21,451] {taskinstance.py:1240} INFO - 
--------------------------------------------------------------------------------
[2022-09-13 14:45:21,468] {taskinstance.py:1259} INFO - Executing <Task(BashOperator): download_dataset_task> on 2022-09-13 14:30:08.261758+00:00
[2022-09-13 14:45:21,478] {standard_task_runner.py:52} INFO - Started process 4626 to run task
[2022-09-13 14:45:21,483] {standard_task_runner.py:76} INFO - Running: ['***', 'tasks', 'run', 'data_ingestion_gcs_dag', 'download_dataset_task', 'manual__2022-09-13T14:30:08.261758+00:00', '--job-id', '15', '--raw', '--subdir', 'DAGS_FOLDER/data_ingestion_gcs_dag.py', '--cfg-path', '/tmp/tmpsq9v3s1j', '--error-file', '/tmp/tmpy_awdq9v']
[2022-09-13 14:45:21,485] {standard_task_runner.py:77} INFO - Job 15: Subtask download_dataset_task
[2022-09-13 14:45:21,561] {logging_mixin.py:109} INFO - Running <TaskInstance: data_ingestion_gcs_dag.download_dataset_task manual__2022-09-13T14:30:08.261758+00:00 [running]> on host ca074a1897f0
[2022-09-13 14:45:21,640] {taskinstance.py:1426} INFO - Exporting the following env vars:
AIRFLOW_CTX_DAG_OWNER=***
AIRFLOW_CTX_DAG_ID=data_ingestion_gcs_dag
AIRFLOW_CTX_TASK_ID=download_dataset_task
AIRFLOW_CTX_EXECUTION_DATE=2022-09-13T14:30:08.261758+00:00
AIRFLOW_CTX_DAG_RUN_ID=manual__2022-09-13T14:30:08.261758+00:00
[2022-09-13 14:45:21,641] {subprocess.py:62} INFO - Tmp dir root location: 
 /tmp
[2022-09-13 14:45:21,642] {subprocess.py:74} INFO - Running command: ['bash', '-c', 'curl -sSL https://d37ci6vzurychx.cloudfront.net/trip-data/yellow_tripdata_2021-01.parquet > /opt/***/yellow_tripdata_2021-01.parquet']
[2022-09-13 14:45:21,660] {subprocess.py:85} INFO - Output:
[2022-09-13 14:45:22,305] {subprocess.py:93} INFO - Command exited with return code 0
[2022-09-13 14:45:22,350] {taskinstance.py:1277} INFO - Marking task as SUCCESS. dag_id=data_ingestion_gcs_dag, task_id=download_dataset_task, execution_date=20220913T143008, start_date=20220913T144521, end_date=20220913T144522
[2022-09-13 14:45:22,379] {local_task_job.py:154} INFO - Task exited with return code 0
[2022-09-13 14:45:22,434] {local_task_job.py:264} INFO - 1 downstream tasks scheduled from follow-on schedule check
