[2022-09-13 16:18:35,588] {taskinstance.py:1032} INFO - Dependencies all met for <TaskInstance: data_ingestion_gcs_dag.local_to_gcs_task manual__2022-09-13T16:18:27.491622+00:00 [queued]>
[2022-09-13 16:18:35,599] {taskinstance.py:1032} INFO - Dependencies all met for <TaskInstance: data_ingestion_gcs_dag.local_to_gcs_task manual__2022-09-13T16:18:27.491622+00:00 [queued]>
[2022-09-13 16:18:35,599] {taskinstance.py:1238} INFO - 
--------------------------------------------------------------------------------
[2022-09-13 16:18:35,599] {taskinstance.py:1239} INFO - Starting attempt 1 of 2
[2022-09-13 16:18:35,599] {taskinstance.py:1240} INFO - 
--------------------------------------------------------------------------------
[2022-09-13 16:18:35,614] {taskinstance.py:1259} INFO - Executing <Task(PythonOperator): local_to_gcs_task> on 2022-09-13 16:18:27.491622+00:00
[2022-09-13 16:18:35,620] {standard_task_runner.py:52} INFO - Started process 11235 to run task
[2022-09-13 16:18:35,626] {standard_task_runner.py:76} INFO - Running: ['***', 'tasks', 'run', 'data_ingestion_gcs_dag', 'local_to_gcs_task', 'manual__2022-09-13T16:18:27.491622+00:00', '--job-id', '33', '--raw', '--subdir', 'DAGS_FOLDER/data_ingestion_gcs_dag.py', '--cfg-path', '/tmp/tmp4130ens3', '--error-file', '/tmp/tmp06nfgsc0']
[2022-09-13 16:18:35,627] {standard_task_runner.py:77} INFO - Job 33: Subtask local_to_gcs_task
[2022-09-13 16:18:35,692] {logging_mixin.py:109} INFO - Running <TaskInstance: data_ingestion_gcs_dag.local_to_gcs_task manual__2022-09-13T16:18:27.491622+00:00 [running]> on host ca074a1897f0
[2022-09-13 16:18:35,761] {taskinstance.py:1426} INFO - Exporting the following env vars:
AIRFLOW_CTX_DAG_OWNER=***
AIRFLOW_CTX_DAG_ID=data_ingestion_gcs_dag
AIRFLOW_CTX_TASK_ID=local_to_gcs_task
AIRFLOW_CTX_EXECUTION_DATE=2022-09-13T16:18:27.491622+00:00
AIRFLOW_CTX_DAG_RUN_ID=manual__2022-09-13T16:18:27.491622+00:00
[2022-09-13 16:18:36,421] {python.py:175} INFO - Done. Returned value was: None
[2022-09-13 16:18:36,435] {taskinstance.py:1277} INFO - Marking task as SUCCESS. dag_id=data_ingestion_gcs_dag, task_id=local_to_gcs_task, execution_date=20220913T161827, start_date=20220913T161835, end_date=20220913T161836
[2022-09-13 16:18:36,480] {local_task_job.py:154} INFO - Task exited with return code 0
[2022-09-13 16:18:36,522] {local_task_job.py:264} INFO - 1 downstream tasks scheduled from follow-on schedule check
