[2022-09-13 16:18:29,646] {taskinstance.py:1032} INFO - Dependencies all met for <TaskInstance: data_ingestion_gcs_dag.download_dataset_task manual__2022-09-13T16:18:27.491622+00:00 [queued]>
[2022-09-13 16:18:29,656] {taskinstance.py:1032} INFO - Dependencies all met for <TaskInstance: data_ingestion_gcs_dag.download_dataset_task manual__2022-09-13T16:18:27.491622+00:00 [queued]>
[2022-09-13 16:18:29,656] {taskinstance.py:1238} INFO - 
--------------------------------------------------------------------------------
[2022-09-13 16:18:29,656] {taskinstance.py:1239} INFO - Starting attempt 1 of 2
[2022-09-13 16:18:29,656] {taskinstance.py:1240} INFO - 
--------------------------------------------------------------------------------
[2022-09-13 16:18:29,668] {taskinstance.py:1259} INFO - Executing <Task(BashOperator): download_dataset_task> on 2022-09-13 16:18:27.491622+00:00
[2022-09-13 16:18:29,676] {standard_task_runner.py:52} INFO - Started process 11183 to run task
[2022-09-13 16:18:29,681] {standard_task_runner.py:76} INFO - Running: ['***', 'tasks', 'run', 'data_ingestion_gcs_dag', 'download_dataset_task', 'manual__2022-09-13T16:18:27.491622+00:00', '--job-id', '30', '--raw', '--subdir', 'DAGS_FOLDER/data_ingestion_gcs_dag.py', '--cfg-path', '/tmp/tmpwmiucmd_', '--error-file', '/tmp/tmp30boolw2']
[2022-09-13 16:18:29,682] {standard_task_runner.py:77} INFO - Job 30: Subtask download_dataset_task
[2022-09-13 16:18:29,746] {logging_mixin.py:109} INFO - Running <TaskInstance: data_ingestion_gcs_dag.download_dataset_task manual__2022-09-13T16:18:27.491622+00:00 [running]> on host ca074a1897f0
[2022-09-13 16:18:29,812] {taskinstance.py:1426} INFO - Exporting the following env vars:
AIRFLOW_CTX_DAG_OWNER=***
AIRFLOW_CTX_DAG_ID=data_ingestion_gcs_dag
AIRFLOW_CTX_TASK_ID=download_dataset_task
AIRFLOW_CTX_EXECUTION_DATE=2022-09-13T16:18:27.491622+00:00
AIRFLOW_CTX_DAG_RUN_ID=manual__2022-09-13T16:18:27.491622+00:00
[2022-09-13 16:18:29,813] {subprocess.py:62} INFO - Tmp dir root location: 
 /tmp
[2022-09-13 16:18:29,814] {subprocess.py:74} INFO - Running command: ['bash', '-c', 'curl -sSL https://d37ci6vzurychx.cloudfront.net/trip-data/yellow_tripdata_2021-01.parquet > /opt/***/yellow_tripdata_2021-01.parquet']
[2022-09-13 16:18:29,828] {subprocess.py:85} INFO - Output:
[2022-09-13 16:18:30,422] {subprocess.py:93} INFO - Command exited with return code 0
[2022-09-13 16:18:30,457] {taskinstance.py:1277} INFO - Marking task as SUCCESS. dag_id=data_ingestion_gcs_dag, task_id=download_dataset_task, execution_date=20220913T161827, start_date=20220913T161829, end_date=20220913T161830
[2022-09-13 16:18:30,496] {local_task_job.py:154} INFO - Task exited with return code 0
[2022-09-13 16:18:30,544] {local_task_job.py:264} INFO - 0 downstream tasks scheduled from follow-on schedule check
