[2022-09-13 14:45:23,684] {taskinstance.py:1032} INFO - Dependencies all met for <TaskInstance: data_ingestion_gcs_dag.download_lookup_table manual__2022-09-13T14:30:08.261758+00:00 [queued]>
[2022-09-13 14:45:23,696] {taskinstance.py:1032} INFO - Dependencies all met for <TaskInstance: data_ingestion_gcs_dag.download_lookup_table manual__2022-09-13T14:30:08.261758+00:00 [queued]>
[2022-09-13 14:45:23,696] {taskinstance.py:1238} INFO - 
--------------------------------------------------------------------------------
[2022-09-13 14:45:23,696] {taskinstance.py:1239} INFO - Starting attempt 1 of 2
[2022-09-13 14:45:23,696] {taskinstance.py:1240} INFO - 
--------------------------------------------------------------------------------
[2022-09-13 14:45:23,712] {taskinstance.py:1259} INFO - Executing <Task(BashOperator): download_lookup_table> on 2022-09-13 14:30:08.261758+00:00
[2022-09-13 14:45:23,721] {standard_task_runner.py:52} INFO - Started process 4639 to run task
[2022-09-13 14:45:23,727] {standard_task_runner.py:76} INFO - Running: ['***', 'tasks', 'run', 'data_ingestion_gcs_dag', 'download_lookup_table', 'manual__2022-09-13T14:30:08.261758+00:00', '--job-id', '16', '--raw', '--subdir', 'DAGS_FOLDER/data_ingestion_gcs_dag.py', '--cfg-path', '/tmp/tmpdqb56xtg', '--error-file', '/tmp/tmpu6ajlj7g']
[2022-09-13 14:45:23,728] {standard_task_runner.py:77} INFO - Job 16: Subtask download_lookup_table
[2022-09-13 14:45:23,798] {logging_mixin.py:109} INFO - Running <TaskInstance: data_ingestion_gcs_dag.download_lookup_table manual__2022-09-13T14:30:08.261758+00:00 [running]> on host ca074a1897f0
[2022-09-13 14:45:23,879] {taskinstance.py:1426} INFO - Exporting the following env vars:
AIRFLOW_CTX_DAG_OWNER=***
AIRFLOW_CTX_DAG_ID=data_ingestion_gcs_dag
AIRFLOW_CTX_TASK_ID=download_lookup_table
AIRFLOW_CTX_EXECUTION_DATE=2022-09-13T14:30:08.261758+00:00
AIRFLOW_CTX_DAG_RUN_ID=manual__2022-09-13T14:30:08.261758+00:00
[2022-09-13 14:45:23,880] {subprocess.py:62} INFO - Tmp dir root location: 
 /tmp
[2022-09-13 14:45:23,881] {subprocess.py:74} INFO - Running command: ['bash', '-c', 'curl -sSL https://d37ci6vzurychx.cloudfront.net/misc/taxi+_zone_lookup.csv > /opt/***/lookupzone.csv']
[2022-09-13 14:45:23,897] {subprocess.py:85} INFO - Output:
[2022-09-13 14:45:23,943] {subprocess.py:93} INFO - Command exited with return code 0
[2022-09-13 14:45:23,981] {taskinstance.py:1277} INFO - Marking task as SUCCESS. dag_id=data_ingestion_gcs_dag, task_id=download_lookup_table, execution_date=20220913T143008, start_date=20220913T144523, end_date=20220913T144523
[2022-09-13 14:45:24,019] {local_task_job.py:154} INFO - Task exited with return code 0
[2022-09-13 14:45:24,100] {local_task_job.py:264} INFO - 1 downstream tasks scheduled from follow-on schedule check
