[2022-09-13 14:55:47,670] {taskinstance.py:1032} INFO - Dependencies all met for <TaskInstance: data_ingestion_gcs_dag.download_lookup_table manual__2022-09-13T14:33:28.455385+00:00 [queued]>
[2022-09-13 14:55:47,681] {taskinstance.py:1032} INFO - Dependencies all met for <TaskInstance: data_ingestion_gcs_dag.download_lookup_table manual__2022-09-13T14:33:28.455385+00:00 [queued]>
[2022-09-13 14:55:47,681] {taskinstance.py:1238} INFO - 
--------------------------------------------------------------------------------
[2022-09-13 14:55:47,681] {taskinstance.py:1239} INFO - Starting attempt 1 of 2
[2022-09-13 14:55:47,681] {taskinstance.py:1240} INFO - 
--------------------------------------------------------------------------------
[2022-09-13 14:55:47,696] {taskinstance.py:1259} INFO - Executing <Task(BashOperator): download_lookup_table> on 2022-09-13 14:33:28.455385+00:00
[2022-09-13 14:55:47,702] {standard_task_runner.py:52} INFO - Started process 5478 to run task
[2022-09-13 14:55:47,707] {standard_task_runner.py:76} INFO - Running: ['***', 'tasks', 'run', 'data_ingestion_gcs_dag', 'download_lookup_table', 'manual__2022-09-13T14:33:28.455385+00:00', '--job-id', '26', '--raw', '--subdir', 'DAGS_FOLDER/data_ingestion_gcs_dag.py', '--cfg-path', '/tmp/tmpz2lz0ur_', '--error-file', '/tmp/tmpv6i1tntx']
[2022-09-13 14:55:47,709] {standard_task_runner.py:77} INFO - Job 26: Subtask download_lookup_table
[2022-09-13 14:55:47,771] {logging_mixin.py:109} INFO - Running <TaskInstance: data_ingestion_gcs_dag.download_lookup_table manual__2022-09-13T14:33:28.455385+00:00 [running]> on host ca074a1897f0
[2022-09-13 14:55:47,836] {taskinstance.py:1426} INFO - Exporting the following env vars:
AIRFLOW_CTX_DAG_OWNER=***
AIRFLOW_CTX_DAG_ID=data_ingestion_gcs_dag
AIRFLOW_CTX_TASK_ID=download_lookup_table
AIRFLOW_CTX_EXECUTION_DATE=2022-09-13T14:33:28.455385+00:00
AIRFLOW_CTX_DAG_RUN_ID=manual__2022-09-13T14:33:28.455385+00:00
[2022-09-13 14:55:47,838] {subprocess.py:62} INFO - Tmp dir root location: 
 /tmp
[2022-09-13 14:55:47,838] {subprocess.py:74} INFO - Running command: ['bash', '-c', 'curl -sSL https://d37ci6vzurychx.cloudfront.net/misc/taxi+_zone_lookup.csv > /opt/***/lookupzone.csv']
[2022-09-13 14:55:47,851] {subprocess.py:85} INFO - Output:
[2022-09-13 14:55:47,903] {subprocess.py:93} INFO - Command exited with return code 0
[2022-09-13 14:55:47,933] {taskinstance.py:1277} INFO - Marking task as SUCCESS. dag_id=data_ingestion_gcs_dag, task_id=download_lookup_table, execution_date=20220913T143328, start_date=20220913T145547, end_date=20220913T145547
[2022-09-13 14:55:47,959] {local_task_job.py:154} INFO - Task exited with return code 0
[2022-09-13 14:55:48,008] {local_task_job.py:264} INFO - 1 downstream tasks scheduled from follow-on schedule check
